<?xml version="1.0" encoding="UTF-8"?>
<!-- Generated by org.testng.reporters.JUnitXMLReporter -->
<testsuite hostname="LENOVO-L14-GEN-2" ignored="7" name="HRS" tests="1" failures="0" timestamp="2023-06-26T16:58:38 IST" time="135.756" errors="0">
  <testcase name="verifyhomePage" time="107.381" classname="com.hrs.test.Homepage"/>
  <testcase name="verifyContactClinicianvideoCallOption" time="0.0" classname="com.hrs.test.Homepage">
    <ignored/>
  </testcase> <!-- verifyContactClinicianvideoCallOption -->
  <testcase name="verifyeducationMenu" time="0.0" classname="com.hrs.test.Homepage">
    <ignored/>
  </testcase> <!-- verifyeducationMenu -->
  <testcase name="verifyContactClinicianVoiceCallOption" time="0.0" classname="com.hrs.test.Homepage">
    <ignored/>
  </testcase> <!-- verifyContactClinicianVoiceCallOption -->
  <testcase name="verifyBloodPressure" time="0.0" classname="com.hrs.test.Homepage">
    <ignored/>
  </testcase> <!-- verifyBloodPressure -->
  <testcase name="verifyCarePaln" time="0.0" classname="com.hrs.test.Homepage">
    <ignored/>
  </testcase> <!-- verifyCarePaln -->
  <testcase name="verifyContactClinicianMessageOption" time="0.0" classname="com.hrs.test.Homepage">
    <ignored/>
  </testcase> <!-- verifyContactClinicianMessageOption -->
  <testcase name="verifyLoginPage" time="0.0" classname="com.hrs.test.Homepage">
    <ignored/>
  </testcase> <!-- verifyLoginPage -->
</testsuite> <!-- HRS -->
