<?xml version="1.0" encoding="UTF-8"?>
<!-- Generated by org.testng.reporters.JUnitXMLReporter -->
<testsuite ignored="0" hostname="LENOVO-L14-GEN-2" failures="0" tests="3" name="HRS" time="430.792" errors="0" timestamp="2023-07-06T16:25:46 IST">
  <testcase classname="com.hrs.test.BaseTest" name="@AfterTest afterTest" time="0.001">
    <failure type="java.lang.NullPointerException" message="Cannot invoke &amp;quot;org.openqa.selenium.TakesScreenshot.getScreenshotAs(org.openqa.selenium.OutputType)&amp;quot; because the return value of &amp;quot;com.driverInstance.DriverManager.getDriver()&amp;quot; is null">
      <![CDATA[java.lang.NullPointerException: Cannot invoke "org.openqa.selenium.TakesScreenshot.getScreenshotAs(org.openqa.selenium.OutputType)" because the return value of "com.driverInstance.DriverManager.getDriver()" is null
at com.utility.Utilities.setScreenshotSource(Utilities.java:167)
at com.business.hrs.BaseClass.tearDown(BaseClass.java:52)
at com.hrs.test.BaseTest.afterTest(BaseTest.java:46)
... Removed 24 stack frames]]>
    </failure>
  </testcase> <!-- @AfterTest afterTest -->
  <testcase classname="com.hrs.test.Homepage" name="verifyhomePage" time="145.252"/>
  <testcase classname="com.hrs.test.Homepage" name="verifyContactClinicianMessageOption" time="33.712"/>
  <testcase classname="com.hrs.test.Homepage" name="verifyBloodPressure" time="222.845"/>
</testsuite> <!-- HRS -->
