<?xml version="1.0" encoding="UTF-8"?>
<testng-results skipped="0" failed="0" ignored="7" total="8" passed="1">
  <reporter-output>
  </reporter-output>
  <suite name="Android" duration-ms="135756" started-at="2023-06-26T16:56:23 IST" finished-at="2023-06-26T16:58:38 IST">
    <groups>
    </groups>
    <test name="HRS" duration-ms="135756" started-at="2023-06-26T16:56:23 IST" finished-at="2023-06-26T16:58:38 IST">
      <class name="com.hrs.test.Homepage">
        <test-method status="PASS" signature="beforeMethod(java.lang.String, java.lang.String)[pri:0, instance:com.hrs.test.Homepage@524d6d96]" name="beforeMethod" is-config="true" duration-ms="17527" started-at="2023-06-26T16:56:32 IST" finished-at="2023-06-26T16:56:50 IST">
          <params>
            <param index="0">
              <value>
                <![CDATA[R9BN2019CWJ]]>
              </value>
            </param>
            <param index="1">
              <value>
                <![CDATA[4723]]>
              </value>
            </param>
          </params>
          <reporter-output>
          </reporter-output>
        </test-method> <!-- beforeMethod -->
        <test-method status="PASS" signature="verifyhomePage()[pri:0, instance:com.hrs.test.Homepage@524d6d96]" name="verifyhomePage" duration-ms="107381" started-at="2023-06-26T16:56:50 IST" finished-at="2023-06-26T16:58:37 IST">
          <reporter-output>
          </reporter-output>
        </test-method> <!-- verifyhomePage -->
        <test-method status="PASS" signature="afterTest()[pri:0, instance:com.hrs.test.Homepage@524d6d96]" name="afterTest" is-config="true" duration-ms="0" started-at="2023-06-26T16:58:38 IST" finished-at="2023-06-26T16:58:38 IST">
          <reporter-output>
          </reporter-output>
        </test-method> <!-- afterTest -->
      </class> <!-- com.hrs.test.Homepage -->
    </test> <!-- HRS -->
  </suite> <!-- Android -->
</testng-results>
